Base path: '/Applications/Unity/Hub/Editor/2019.3.0f6/Unity.app/Contents', plugins path '/Applications/Unity/Hub/Editor/2019.3.0f6/PlaybackEngines'
Cmd: initializeCompiler
Cmd: translateComputeKernel
  api=14 insize=9597 outsize=16409 ok=1
Cmd: translateComputeKernel
  api=14 insize=10629 outsize=16696 ok=1
Cmd: compileComputeKernel
  api=14 insize=1226 outsize=1348 ok=1
Cmd: compileComputeKernel
  api=14 insize=10288 outsize=12578 ok=1
Cmd: compileComputeKernel
  api=14 insize=8630 outsize=15517 ok=1
Cmd: translateComputeKernel
  api=14 insize=15554 outsize=11890 ok=1
Cmd: compileComputeKernel
  api=14 insize=4026 outsize=1161 ok=1
Cmd: translateComputeKernel
  api=14 insize=1121 outsize=1498 ok=1
Cmd: translateComputeKernel
  api=14 insize=11289 outsize=22334 ok=1
Cmd: translateComputeKernel
  api=14 insize=1094 outsize=1068 ok=1
Cmd: compileComputeKernel
  api=14 insize=40246 outsize=53814 ok=1
Cmd: translateComputeKernel
  api=14 insize=50185 outsize=94605 ok=1
Cmd: translateComputeKernel
  api=14 insize=11409 outsize=4943 ok=1
Cmd: compileComputeKernel
  api=14 insize=2120 outsize=1472 ok=1
Cmd: compileComputeKernel
  api=14 insize=1113 outsize=1347 ok=1
Cmd: translateComputeKernel
  api=14 insize=1347 outsize=1891 ok=1
Cmd: translateComputeKernel
  api=14 insize=16621 outsize=34006 ok=1
Cmd: compileComputeKernel
  api=14 insize=9134 outsize=10182 ok=1
Cmd: translateComputeKernel
  api=14 insize=16388 outsize=15194 ok=1
Cmd: compileComputeKernel
  api=14 insize=3012 outsize=2640 ok=1
Cmd: translateComputeKernel
  api=14 insize=9797 outsize=2995 ok=1
Cmd: compileComputeKernel
  api=14 insize=10338 outsize=4738 ok=1
Cmd: compileComputeKernel
  api=14 insize=26542 outsize=15663 ok=1
Cmd: translateComputeKernel
  api=14 insize=18125 outsize=35124 ok=1
Cmd: compileComputeKernel
  api=14 insize=15784 outsize=134906 ok=1
Cmd: compileComputeKernel
  api=14 insize=15784 outsize=53364 ok=1
Cmd: compileComputeKernel
  api=14 insize=15784 outsize=66357 ok=1
Cmd: translateComputeKernel
  api=14 insize=62626 outsize=120765 ok=1
Cmd: translateComputeKernel
  api=14 insize=47675 outsize=82200 ok=1
Cmd: translateComputeKernel
  api=14 insize=52641 outsize=94516 ok=1
Cmd: translateComputeKernel
  api=14 insize=52617 outsize=93974 ok=1
Cmd: translateComputeKernel
  api=14 insize=60268 outsize=112846 ok=1
Cmd: translateComputeKernel
  api=14 insize=46895 outsize=82140 ok=1
Cmd: translateComputeKernel
  api=14 insize=74245 outsize=149369 ok=1
Cmd: translateComputeKernel
  api=14 insize=74556 outsize=149000 ok=1
Cmd: compileComputeKernel
  api=14 insize=3697 outsize=6603 ok=1
Cmd: compileComputeKernel
  api=14 insize=3532 outsize=3386 ok=1
Cmd: translateComputeKernel
  api=14 insize=1799 outsize=2144 ok=1
Cmd: compileComputeKernel
  api=14 insize=7589 outsize=1541 ok=1
Cmd: translateComputeKernel
  api=14 insize=12009 outsize=24524 ok=1
Cmd: compileComputeKernel
  api=14 insize=11045 outsize=16150 ok=1
Cmd: compileSnippet
  api=14 type=0 insize=10517 outsize=3036 kw=UNITY_PASS_SHADOWCASTER pd=UNITY_ENABLE_REFLECTION_BUFFERS UNITY_USE_DITHER_MASK_FOR_ALPHABLENDED_SHADOWS UNITY_PBS_USE_BRDF1 UNITY_SPECCUBE_BOX_PROJECTION UNITY_SPECCUBE_BLENDING UNITY_ENABLE_DETAIL_NORMALMAP SHADER_API_DESKTOP UNITY_COLORSPACE_GAMMA UNITY_LIGHT_PROBE_PROXY_VOLUME UNITY_LIGHTMAP_FULL_HDR ok=1

Quitting shader compiler process
